Process:         push_swap [47822]
Path:            /Users/USER/*/push_swap
Load Address:    0x102968000
Identifier:      push_swap
Version:         0
Code Type:       ARM64
Platform:        macOS
Parent Process:  zsh [6228]

Date/Time:       2025-02-04 00:20:23.000 +0100
Launch Time:     2025-02-04 00:20:22.891 +0100
OS Version:      macOS 15.3 (24D60)
Report Version:  7
Analysis Tool:   /usr/bin/leaks

Physical footprint:         1137K
Physical footprint (peak):  1137K
Idle exit:                  untracked
----

leaks Report Version: 4.0
Process 47822: 183 nodes malloced for 13 KB
Process 47822: 0 leaks for 0 total leaked bytes.

