Process:         push_swap [47877]
Path:            /Users/USER/*/push_swap
Load Address:    0x102a74000
Identifier:      push_swap
Version:         0
Code Type:       ARM64
Platform:        macOS
Parent Process:  zsh [6228]

Date/Time:       2025-02-04 00:20:31.002 +0100
Launch Time:     2025-02-04 00:20:30.897 +0100
OS Version:      macOS 15.3 (24D60)
Report Version:  7
Analysis Tool:   /usr/bin/leaks

Physical footprint:         1009K
Physical footprint (peak):  1009K
Idle exit:                  untracked
----

leaks Report Version: 4.0
Process 47877: 183 nodes malloced for 13 KB
Process 47877: 0 leaks for 0 total leaked bytes.

